<?xml version="1.0" encoding="UTF-8"?>
<!-- Generated by org.testng.reporters.JUnitXMLReporter -->
<testsuite ignored="1" hostname="LAPTOP-I30VNB79" failures="1" tests="7" name="Car loan" time="0.176" errors="0" timestamp="2024-02-17T14:49:27 IST">
  <testcase classname="testNGDemo.day3" name="MobileLogincarLoan" time="0.003"/>
  <testcase classname="testNGDemo.day3" name="MobilesignoutcarLoan" time="0.002"/>
  <testcase classname="testNGDemo.day3" name="MobilesignoutcarLoan" time="0.029"/>
  <testcase classname="testNGDemo.day3" name="MobilesignoutcarLoan" time="0.015"/>
  <testcase classname="testNGDemo.day3" name="WebloginCarLoan" time="0.0">
    <failure type="org.testng.TestNGException" message="
Parameter &amp;apos;URL&amp;apos; is required by @Test on method WebloginCarLoan but has not been marked @Optional or defined
in D:\Selenium\eclipse-java-2022-12-R-win32-x86_64\eclipse-java-2022-12-R-win32-x86_64\eclipse\projects-workspace\A2ZProject\testNGDemo_xmlFolder\testLevel.xml">
      <![CDATA[org.testng.TestNGException: 
Parameter 'URL' is required by @Test on method WebloginCarLoan but has not been marked @Optional or defined
in D:\Selenium\eclipse-java-2022-12-R-win32-x86_64\eclipse-java-2022-12-R-win32-x86_64\eclipse\projects-workspace\A2ZProject\testNGDemo_xmlFolder\testLevel.xml
at java.base/java.util.ArrayList.forEach(ArrayList.java:1511)
... Removed 26 stack frames]]>
    </failure>
  </testcase> <!-- WebloginCarLoan -->
  <testcase classname="testNGDemo.day3" name="MobileTimeLoan" time="0.011"/>
  <testcase classname="testNGDemo.day3" name="APIcarLoan" time="0.0">
    <skipped/>
  </testcase> <!-- APIcarLoan -->
  <testcase classname="testNGDemo.day3" name="MobilesignimcarLoan" time="0.0">
    <ignored/>
  </testcase> <!-- MobilesignimcarLoan -->
</testsuite> <!-- Car loan -->
