<?xml version="1.0" encoding="UTF-8"?>
<!-- Generated by org.testng.reporters.JUnitXMLReporter -->
<testsuite ignored="0" hostname="LAPTOP-I30VNB79" failures="2" tests="6" name="Personal loan" time="0.225" errors="0" timestamp="2024-02-17T14:49:26 IST">
  <testcase classname="testNGDemo.day2" name="ploan" time="0.015"/>
  <testcase classname="testNGDemo.day4" name="LoginAPIHomeLoan" time="0.005"/>
  <testcase classname="testNGDemo.day4" name="MobileLoginHomeLoan" time="0.007"/>
  <testcase classname="testNGDemo.day4" name="WebloginHomeLoan" time="0.0">
    <failure type="org.testng.TestNGException" message="
Parameter &amp;apos;URL&amp;apos; is required by @Test on method WebloginHomeLoan but has not been marked @Optional or defined
in D:\Selenium\eclipse-java-2022-12-R-win32-x86_64\eclipse-java-2022-12-R-win32-x86_64\eclipse\projects-workspace\A2ZProject\testNGDemo_xmlFolder\testLevel.xml">
      <![CDATA[org.testng.TestNGException: 
Parameter 'URL' is required by @Test on method WebloginHomeLoan but has not been marked @Optional or defined
in D:\Selenium\eclipse-java-2022-12-R-win32-x86_64\eclipse-java-2022-12-R-win32-x86_64\eclipse\projects-workspace\A2ZProject\testNGDemo_xmlFolder\testLevel.xml
at java.base/java.util.ArrayList.forEach(ArrayList.java:1511)
... Removed 26 stack frames]]>
    </failure>
  </testcase> <!-- WebloginHomeLoan -->
  <testcase classname="testNGDemo.day1" name="Demo" time="0.021">
    <failure type="java.lang.AssertionError" message="expected [true] but found [false]">
      <![CDATA[java.lang.AssertionError: expected [true] but found [false]
at testNGDemo.day1.Demo(day1.java:24)
at java.base/java.util.ArrayList.forEach(ArrayList.java:1511)
... Removed 31 stack frames]]>
    </failure>
  </testcase> <!-- Demo -->
  <testcase classname="testNGDemo.day1" name="SecondTest" time="0.006"/>
</testsuite> <!-- Personal loan -->
