<?xml version="1.0" encoding="UTF-8"?>
<!-- Generated by org.testng.reporters.JUnitXMLReporter -->
<testsuite ignored="1" hostname="LAPTOP-I30VNB79" failures="3" tests="21" name="Personal loan" time="27.167" errors="0" timestamp="2024-02-17T14:48:04 IST">
  <testcase classname="testNGDemo.day1" name="Demo" time="0.082">
    <failure type="java.lang.AssertionError" message="expected [true] but found [false]">
      <![CDATA[java.lang.AssertionError: expected [true] but found [false]
at testNGDemo.day1.Demo(day1.java:24)
at java.base/java.util.ArrayList.forEach(ArrayList.java:1511)
... Removed 31 stack frames]]>
    </failure>
  </testcase> <!-- Demo -->
  <testcase classname="testNGDemo.day1" name="SecondTest" time="0.008"/>
  <testcase classname="testNGDemo.day2" name="ploan" time="0.002"/>
  <testcase classname="testNGDemo.day3" name="MobileLogincarLoan" time="0.008"/>
  <testcase classname="testNGDemo.day3" name="MobilesignoutcarLoan" time="0.009"/>
  <testcase classname="testNGDemo.day3" name="MobilesignoutcarLoan" time="0.006"/>
  <testcase classname="testNGDemo.day3" name="MobilesignoutcarLoan" time="0.007"/>
  <testcase classname="testNGDemo.day3" name="WebloginCarLoan" time="0.0">
    <failure type="org.testng.TestNGException" message="
Parameter &amp;apos;URL&amp;apos; is required by @Test on method WebloginCarLoan but has not been marked @Optional or defined
in D:\Selenium\eclipse-java-2022-12-R-win32-x86_64\eclipse-java-2022-12-R-win32-x86_64\eclipse\projects-workspace\A2ZProject\testNGDemo_xmlFolder\packageLevel.xml">
      <![CDATA[org.testng.TestNGException: 
Parameter 'URL' is required by @Test on method WebloginCarLoan but has not been marked @Optional or defined
in D:\Selenium\eclipse-java-2022-12-R-win32-x86_64\eclipse-java-2022-12-R-win32-x86_64\eclipse\projects-workspace\A2ZProject\testNGDemo_xmlFolder\packageLevel.xml
at java.base/java.util.ArrayList.forEach(ArrayList.java:1511)
... Removed 26 stack frames]]>
    </failure>
  </testcase> <!-- WebloginCarLoan -->
  <testcase classname="testNGDemo.day3" name="MobileTimeLoan" time="0.025"/>
  <testcase classname="testNGDemo.day3" name="APIcarLoan" time="0.0">
    <skipped/>
  </testcase> <!-- APIcarLoan -->
  <testcase classname="testNGDemo.day4" name="LoginAPIHomeLoan" time="0.001"/>
  <testcase classname="testNGDemo.day4" name="MobileLoginHomeLoan" time="0.002"/>
  <testcase classname="testNGDemo.day4" name="WebloginHomeLoan" time="0.0">
    <failure type="org.testng.TestNGException" message="
Parameter &amp;apos;URL&amp;apos; is required by @Test on method WebloginHomeLoan but has not been marked @Optional or defined
in D:\Selenium\eclipse-java-2022-12-R-win32-x86_64\eclipse-java-2022-12-R-win32-x86_64\eclipse\projects-workspace\A2ZProject\testNGDemo_xmlFolder\packageLevel.xml">
      <![CDATA[org.testng.TestNGException: 
Parameter 'URL' is required by @Test on method WebloginHomeLoan but has not been marked @Optional or defined
in D:\Selenium\eclipse-java-2022-12-R-win32-x86_64\eclipse-java-2022-12-R-win32-x86_64\eclipse\projects-workspace\A2ZProject\testNGDemo_xmlFolder\packageLevel.xml
at java.base/java.util.ArrayList.forEach(ArrayList.java:1511)
... Removed 26 stack frames]]>
    </failure>
  </testcase> <!-- WebloginHomeLoan -->
  <testcase classname="testNGDemo.ParallelTest" name="testOnChromeWithBrowserStackSignUp" time="16.13"/>
  <testcase classname="testNGDemo.ParallelTest" name="testOnChromeWithBrowserStackUrl" time="5.837"/>
  <testcase classname="testNGDemo.PriorityTest" name="m1" time="0.002"/>
  <testcase classname="testNGDemo.PriorityTest" name="m2" time="0.004"/>
  <testcase classname="testNGDemo.PriorityTest" name="m3" time="0.005"/>
  <testcase classname="testNGDemo.PriorityTest" name="m4" time="0.002"/>
  <testcase classname="testNGDemo.PriorityTest" name="m5" time="0.002"/>
  <testcase classname="testNGDemo.PriorityTest" name="m6" time="0.001"/>
  <testcase classname="testNGDemo.day3" name="MobilesignimcarLoan" time="0.0">
    <ignored/>
  </testcase> <!-- MobilesignimcarLoan -->
</testsuite> <!-- Personal loan -->
